# JRE version: Java(TM) SE Runtime Environment (7.0_67-b01) (build 1.7.0_67-b01)
# Java VM: Java HotSpot(TM) Client VM (24.65-b04 mixed mode windows-x86 )
Heap
 def new generation   total 8192K, used 445K [0x03a00000, 0x042e0000, 0x08f50000)
  eden space 7296K,   6% used [0x03a00000, 0x03a6f4e0, 0x04120000)
  from space 896K,   0% used [0x04120000, 0x04120000, 0x04200000)
  to   space 896K,   0% used [0x04200000, 0x04200000, 0x042e0000)
 tenured generation   total 18104K, used 10862K [0x08f50000, 0x0a0fe000, 0x13a00000)
   the space 18104K,  59% used [0x08f50000, 0x099eb980, 0x099eba00, 0x0a0fe000)
 compacting perm gen  total 12288K, used 11634K [0x13a00000, 0x14600000, 0x17a00000)
   the space 12288K,  94% used [0x13a00000, 0x1455c930, 0x1455ca00, 0x14600000)
GC Heap History (10 events):
Event: 10.402 GC heap before
{Heap before GC invocations=106 (full 1):
 def new generation   total 7488K, used 6818K [0x03a00000, 0x04220000, 0x08f50000)
  eden space 6656K, 100% used [0x03a00000, 0x04080000, 0x04080000)
  from space 832K,  19% used [0x04080000, 0x040a8a98, 0x04150000)
  to   space 832K,   0% used [0x04150000, 0x04150000, 0x04220000)
 tenured generation   total 16532K, used 14675K [0x08f50000, 0x09f75000, 0x13a00000)
   the space 16532K,  88% used [0x08f50000, 0x09da4c20, 0x09da4e00, 0x09f75000)
 compacting perm gen  total 12288K, used 11628K [0x13a00000, 0x14600000, 0x17a00000)
   the space 12288K,  94% used [0x13a00000, 0x1455b328, 0x1455b400, 0x14600000)
No shared spaces configured.
Event: 10.404 GC heap after
Heap after GC invocations=107 (full 1):
 def new generation   total 7488K, used 194K [0x03a00000, 0x04220000, 0x08f50000)
  eden space 6656K,   0% used [0x03a00000, 0x03a00000, 0x04080000)
  from space 832K,  23% used [0x04150000, 0x04180988, 0x04220000)
  to   space 832K,   0% used [0x04080000, 0x04080000, 0x04150000)
 tenured generation   total 16532K, used 14675K [0x08f50000, 0x09f75000, 0x13a00000)
   the space 16532K,  88% used [0x08f50000, 0x09da4c20, 0x09da4e00, 0x09f75000)
 compacting perm gen  total 12288K, used 11628K [0x13a00000, 0x14600000, 0x17a00000)
   the space 12288K,  94% used [0x13a00000, 0x1455b328, 0x1455b400, 0x14600000)
No shared spaces configured.
}
Event: 10.605 GC heap before
{Heap before GC invocations=107 (full 1):
 def new generation   total 7488K, used 6850K [0x03a00000, 0x04220000, 0x08f50000)
  eden space 6656K, 100% used [0x03a00000, 0x04080000, 0x04080000)
  from space 832K,  23% used [0x04150000, 0x04180988, 0x04220000)
  to   space 832K,   0% used [0x04080000, 0x04080000, 0x04150000)
 tenured generation   total 16532K, used 14675K [0x08f50000, 0x09f75000, 0x13a00000)
   the space 16532K,  88% used [0x08f50000, 0x09da4c20, 0x09da4e00, 0x09f75000)
 compacting perm gen  total 12288K, used 11628K [0x13a00000, 0x14600000, 0x17a00000)
   the space 12288K,  94% used [0x13a00000, 0x1455b358, 0x1455b400, 0x14600000)
No shared spaces configured.
Event: 10.607 GC heap after
Heap after GC invocations=108 (full 1):
 def new generation   total 7488K, used 233K [0x03a00000, 0x04220000, 0x08f50000)
  eden space 6656K,   0% used [0x03a00000, 0x03a00000, 0x04080000)
  from space 832K,  28% used [0x04080000, 0x040ba558, 0x04150000)
  to   space 832K,   0% used [0x04150000, 0x04150000, 0x04220000)
 tenured generation   total 16532K, used 14675K [0x08f50000, 0x09f75000, 0x13a00000)
   the space 16532K,  88% used [0x08f50000, 0x09da4c20, 0x09da4e00, 0x09f75000)
 compacting perm gen  total 12288K, used 11628K [0x13a00000, 0x14600000, 0x17a00000)
   the space 12288K,  94% used [0x13a00000, 0x1455b358, 0x1455b400, 0x14600000)
No shared spaces configured.
}
Event: 10.740 GC heap before
{Heap before GC invocations=108 (full 1):
 def new generation   total 7488K, used 6889K [0x03a00000, 0x04220000, 0x08f50000)
  eden space 6656K, 100% used [0x03a00000, 0x04080000, 0x04080000)
  from space 832K,  28% used [0x04080000, 0x040ba558, 0x04150000)
  to   space 832K,   0% used [0x04150000, 0x04150000, 0x04220000)
 tenured generation   total 16532K, used 14675K [0x08f50000, 0x09f75000, 0x13a00000)
   the space 16532K,  88% used [0x08f50000, 0x09da4c20, 0x09da4e00, 0x09f75000)
 compacting perm gen  total 12288K, used 11628K [0x13a00000, 0x14600000, 0x17a00000)
   the space 12288K,  94% used [0x13a00000, 0x1455b3a8, 0x1455b400, 0x14600000)
No shared spaces configured.
Event: 10.741 GC heap after
Heap after GC invocations=109 (full 1):
 def new generation   total 7488K, used 263K [0x03a00000, 0x04220000, 0x08f50000)
  eden space 6656K,   0% used [0x03a00000, 0x03a00000, 0x04080000)
  from space 832K,  31% used [0x04150000, 0x04191fd8, 0x04220000)
  to   space 832K,   0% used [0x04080000, 0x04080000, 0x04150000)
 tenured generation   total 16532K, used 14675K [0x08f50000, 0x09f75000, 0x13a00000)
   the space 16532K,  88% used [0x08f50000, 0x09da4c20, 0x09da4e00, 0x09f75000)
 compacting perm gen  total 12288K, used 11628K [0x13a00000, 0x14600000, 0x17a00000)
   the space 12288K,  94% used [0x13a00000, 0x1455b3a8, 0x1455b400, 0x14600000)
No shared spaces configured.
}
Event: 10.882 GC heap before
{Heap before GC invocations=109 (full 1):
 def new generation   total 7488K, used 6919K [0x03a00000, 0x04220000, 0x08f50000)
  eden space 6656K, 100% used [0x03a00000, 0x04080000, 0x04080000)
  from space 832K,  31% used [0x04150000, 0x04191fd8, 0x04220000)
  to   space 832K,   0% used [0x04080000, 0x04080000, 0x04150000)
 tenured generation   total 16532K, used 14675K [0x08f50000, 0x09f75000, 0x13a00000)
   the space 16532K,  88% used [0x08f50000, 0x09da4c20, 0x09da4e00, 0x09f75000)
 compacting perm gen  total 12288K, used 11628K [0x13a00000, 0x14600000, 0x17a00000)
   the space 12288K,  94% used [0x13a00000, 0x1455b3a8, 0x1455b400, 0x14600000)
No shared spaces configured.
Event: 10.883 GC heap after
Heap after GC invocations=110 (full 1):
 def new generation   total 7488K, used 288K [0x03a00000, 0x04220000, 0x08f50000)
  eden space 6656K,   0% used [0x03a00000, 0x03a00000, 0x04080000)
  from space 832K,  34% used [0x04080000, 0x040c8178, 0x04150000)
  to   space 832K,   0% used [0x04150000, 0x04150000, 0x04220000)
 tenured generation   total 16532K, used 14675K [0x08f50000, 0x09f75000, 0x13a00000)
   the space 16532K,  88% used [0x08f50000, 0x09da4c20, 0x09da4e00, 0x09f75000)
 compacting perm gen  total 12288K, used 11628K [0x13a00000, 0x14600000, 0x17a00000)
   the space 12288K,  94% used [0x13a00000, 0x1455b3a8, 0x1455b400, 0x14600000)
No shared spaces configured.
}
Event: 10.918 GC heap before
{Heap before GC invocations=110 (full 1):
 def new generation   total 7488K, used 1416K [0x03a00000, 0x04220000, 0x08f50000)
  eden space 6656K,  16% used [0x03a00000, 0x03b1a020, 0x04080000)
  from space 832K,  34% used [0x04080000, 0x040c8178, 0x04150000)
  to   space 832K,   0% used [0x04150000, 0x04150000, 0x04220000)
 tenured generation   total 16532K, used 14675K [0x08f50000, 0x09f75000, 0x13a00000)
   the space 16532K,  88% used [0x08f50000, 0x09da4c20, 0x09da4e00, 0x09f75000)
 compacting perm gen  total 12288K, used 11628K [0x13a00000, 0x14600000, 0x17a00000)
   the space 12288K,  94% used [0x13a00000, 0x1455b3a8, 0x1455b400, 0x14600000)
No shared spaces configured.
Event: 10.974 GC heap after
Heap after GC invocations=111 (full 2):
 def new generation   total 8192K, used 0K [0x03a00000, 0x042e0000, 0x08f50000)
  eden space 7296K,   0% used [0x03a00000, 0x03a00000, 0x04120000)
  from space 896K,   0% used [0x04120000, 0x04120000, 0x04200000)
  to   space 896K,   0% used [0x04200000, 0x04200000, 0x042e0000)
 tenured generation   total 18104K, used 10862K [0x08f50000, 0x0a0fe000, 0x13a00000)
   the space 18104K,  59% used [0x08f50000, 0x099eb980, 0x099eba00, 0x0a0fe000)
 compacting perm gen  total 12288K, used 11628K [0x13a00000, 0x14600000, 0x17a00000)
   the space 12288K,  94% used [0x13a00000, 0x1455b3a8, 0x1455b400, 0x14600000)
No shared spaces configured.
}

