# JRE version: Java(TM) SE Runtime Environment (7.0_67-b01) (build 1.7.0_67-b01)
# Java VM: Java HotSpot(TM) Client VM (24.65-b04 mixed mode windows-x86 )
Heap
 def new generation   total 8320K, used 451K [0x03a00000, 0x04300000, 0x08f50000)
  eden space 7424K,   6% used [0x03a00000, 0x03a70fb8, 0x04140000)
  from space 896K,   0% used [0x04140000, 0x04140000, 0x04220000)
  to   space 896K,   0% used [0x04220000, 0x04220000, 0x04300000)
 tenured generation   total 18308K, used 10984K [0x08f50000, 0x0a131000, 0x13a00000)
   the space 18308K,  59% used [0x08f50000, 0x09a0a2d8, 0x09a0a400, 0x0a131000)
 compacting perm gen  total 12288K, used 11671K [0x13a00000, 0x14600000, 0x17a00000)
   the space 12288K,  94% used [0x13a00000, 0x14565eb0, 0x14566000, 0x14600000)
GC Heap History (10 events):
Event: 13.337 GC heap before
{Heap before GC invocations=123 (full 1):
 def new generation   total 7872K, used 7286K [0x03a00000, 0x04280000, 0x08f50000)
  eden space 7040K, 100% used [0x03a00000, 0x040e0000, 0x040e0000)
  from space 832K,  29% used [0x041b0000, 0x041ed968, 0x04280000)
  to   space 832K,   0% used [0x040e0000, 0x040e0000, 0x041b0000)
 tenured generation   total 17356K, used 16953K [0x08f50000, 0x0a043000, 0x13a00000)
   the space 17356K,  97% used [0x08f50000, 0x09fde578, 0x09fde600, 0x0a043000)
 compacting perm gen  total 12288K, used 11658K [0x13a00000, 0x14600000, 0x17a00000)
   the space 12288K,  94% used [0x13a00000, 0x14562ac0, 0x14562c00, 0x14600000)
No shared spaces configured.
Event: 13.339 GC heap after
Heap after GC invocations=124 (full 1):
 def new generation   total 7872K, used 256K [0x03a00000, 0x04280000, 0x08f50000)
  eden space 7040K,   0% used [0x03a00000, 0x03a00000, 0x040e0000)
  from space 832K,  30% used [0x040e0000, 0x04120380, 0x041b0000)
  to   space 832K,   0% used [0x041b0000, 0x041b0000, 0x04280000)
 tenured generation   total 17356K, used 16953K [0x08f50000, 0x0a043000, 0x13a00000)
   the space 17356K,  97% used [0x08f50000, 0x09fde578, 0x09fde600, 0x0a043000)
 compacting perm gen  total 12288K, used 11658K [0x13a00000, 0x14600000, 0x17a00000)
   the space 12288K,  94% used [0x13a00000, 0x14562ac0, 0x14562c00, 0x14600000)
No shared spaces configured.
}
Event: 13.525 GC heap before
{Heap before GC invocations=124 (full 1):
 def new generation   total 7872K, used 7296K [0x03a00000, 0x04280000, 0x08f50000)
  eden space 7040K, 100% used [0x03a00000, 0x040e0000, 0x040e0000)
  from space 832K,  30% used [0x040e0000, 0x04120380, 0x041b0000)
  to   space 832K,   0% used [0x041b0000, 0x041b0000, 0x04280000)
 tenured generation   total 17356K, used 16953K [0x08f50000, 0x0a043000, 0x13a00000)
   the space 17356K,  97% used [0x08f50000, 0x09fde578, 0x09fde600, 0x0a043000)
 compacting perm gen  total 12288K, used 11666K [0x13a00000, 0x14600000, 0x17a00000)
   the space 12288K,  94% used [0x13a00000, 0x145648c8, 0x14564a00, 0x14600000)
No shared spaces configured.
Event: 13.527 GC heap after
Heap after GC invocations=125 (full 1):
 def new generation   total 7872K, used 314K [0x03a00000, 0x04280000, 0x08f50000)
  eden space 7040K,   0% used [0x03a00000, 0x03a00000, 0x040e0000)
  from space 832K,  37% used [0x041b0000, 0x041fe9b0, 0x04280000)
  to   space 832K,   0% used [0x040e0000, 0x040e0000, 0x041b0000)
 tenured generation   total 17356K, used 16953K [0x08f50000, 0x0a043000, 0x13a00000)
   the space 17356K,  97% used [0x08f50000, 0x09fde578, 0x09fde600, 0x0a043000)
 compacting perm gen  total 12288K, used 11666K [0x13a00000, 0x14600000, 0x17a00000)
   the space 12288K,  94% used [0x13a00000, 0x145648c8, 0x14564a00, 0x14600000)
No shared spaces configured.
}
Event: 13.661 GC heap before
{Heap before GC invocations=125 (full 1):
 def new generation   total 7872K, used 7354K [0x03a00000, 0x04280000, 0x08f50000)
  eden space 7040K, 100% used [0x03a00000, 0x040e0000, 0x040e0000)
  from space 832K,  37% used [0x041b0000, 0x041fe9b0, 0x04280000)
  to   space 832K,   0% used [0x040e0000, 0x040e0000, 0x041b0000)
 tenured generation   total 17356K, used 16953K [0x08f50000, 0x0a043000, 0x13a00000)
   the space 17356K,  97% used [0x08f50000, 0x09fde578, 0x09fde600, 0x0a043000)
 compacting perm gen  total 12288K, used 11666K [0x13a00000, 0x14600000, 0x17a00000)
   the space 12288K,  94% used [0x13a00000, 0x14564918, 0x14564a00, 0x14600000)
No shared spaces configured.
Event: 13.663 GC heap after
Heap after GC invocations=126 (full 1):
 def new generation   total 7872K, used 353K [0x03a00000, 0x04280000, 0x08f50000)
  eden space 7040K,   0% used [0x03a00000, 0x03a00000, 0x040e0000)
  from space 832K,  42% used [0x040e0000, 0x04138518, 0x041b0000)
  to   space 832K,   0% used [0x041b0000, 0x041b0000, 0x04280000)
 tenured generation   total 17356K, used 16953K [0x08f50000, 0x0a043000, 0x13a00000)
   the space 17356K,  97% used [0x08f50000, 0x09fde578, 0x09fde600, 0x0a043000)
 compacting perm gen  total 12288K, used 11666K [0x13a00000, 0x14600000, 0x17a00000)
   the space 12288K,  94% used [0x13a00000, 0x14564918, 0x14564a00, 0x14600000)
No shared spaces configured.
}
Event: 13.821 GC heap before
{Heap before GC invocations=126 (full 1):
 def new generation   total 7872K, used 7393K [0x03a00000, 0x04280000, 0x08f50000)
  eden space 7040K, 100% used [0x03a00000, 0x040e0000, 0x040e0000)
  from space 832K,  42% used [0x040e0000, 0x04138518, 0x041b0000)
  to   space 832K,   0% used [0x041b0000, 0x041b0000, 0x04280000)
 tenured generation   total 17356K, used 16953K [0x08f50000, 0x0a043000, 0x13a00000)
   the space 17356K,  97% used [0x08f50000, 0x09fde578, 0x09fde600, 0x0a043000)
 compacting perm gen  total 12288K, used 11666K [0x13a00000, 0x14600000, 0x17a00000)
   the space 12288K,  94% used [0x13a00000, 0x14564918, 0x14564a00, 0x14600000)
No shared spaces configured.
Event: 13.823 GC heap after
Heap after GC invocations=127 (full 1):
 def new generation   total 7872K, used 382K [0x03a00000, 0x04280000, 0x08f50000)
  eden space 7040K,   0% used [0x03a00000, 0x03a00000, 0x040e0000)
  from space 832K,  45% used [0x041b0000, 0x0420f8d8, 0x04280000)
  to   space 832K,   0% used [0x040e0000, 0x040e0000, 0x041b0000)
 tenured generation   total 17356K, used 16953K [0x08f50000, 0x0a043000, 0x13a00000)
   the space 17356K,  97% used [0x08f50000, 0x09fde578, 0x09fde600, 0x0a043000)
 compacting perm gen  total 12288K, used 11666K [0x13a00000, 0x14600000, 0x17a00000)
   the space 12288K,  94% used [0x13a00000, 0x14564918, 0x14564a00, 0x14600000)
No shared spaces configured.
}
Event: 13.878 GC heap before
{Heap before GC invocations=127 (full 1):
 def new generation   total 7872K, used 1133K [0x03a00000, 0x04280000, 0x08f50000)
  eden space 7040K,  10% used [0x03a00000, 0x03abbe58, 0x040e0000)
  from space 832K,  45% used [0x041b0000, 0x0420f8d8, 0x04280000)
  to   space 832K,   0% used [0x040e0000, 0x040e0000, 0x041b0000)
 tenured generation   total 17356K, used 16953K [0x08f50000, 0x0a043000, 0x13a00000)
   the space 17356K,  97% used [0x08f50000, 0x09fde578, 0x09fde600, 0x0a043000)
 compacting perm gen  total 12288K, used 11666K [0x13a00000, 0x14600000, 0x17a00000)
   the space 12288K,  94% used [0x13a00000, 0x14564938, 0x14564a00, 0x14600000)
No shared spaces configured.
Event: 13.934 GC heap after
Heap after GC invocations=128 (full 2):
 def new generation   total 8320K, used 0K [0x03a00000, 0x04300000, 0x08f50000)
  eden space 7424K,   0% used [0x03a00000, 0x03a00000, 0x04140000)
  from space 896K,   0% used [0x04140000, 0x04140000, 0x04220000)
  to   space 896K,   0% used [0x04220000, 0x04220000, 0x04300000)
 tenured generation   total 18308K, used 10984K [0x08f50000, 0x0a131000, 0x13a00000)
   the space 18308K,  59% used [0x08f50000, 0x09a0a2d8, 0x09a0a400, 0x0a131000)
 compacting perm gen  total 12288K, used 11666K [0x13a00000, 0x14600000, 0x17a00000)
   the space 12288K,  94% used [0x13a00000, 0x14564938, 0x14564a00, 0x14600000)
No shared spaces configured.
}

